<testConfig>
    <deployConfig>deploy-vyos-flat-noDHCP-local.xml</deployConfig>
    <deployConfigTemplate>deploy-local-ps.tmpt</deployConfigTemplate>
    <pingTestTarget>zstack.org</pingTestTarget>
</testConfig>
