<testConfig>
    <deployConfig>deploy-sftp-virtualrouter-nfs.xml</deployConfig>
    <deployConfigTemplate>deploy.tmpt</deployConfigTemplate>
    <pingTestTarget>zstack.org</pingTestTarget>
</testConfig>
