<testConfig>
    <deployConfig>deploy-vyos-2nfs-ps.xml</deployConfig>
    <deployConfigTemplate>deploy.tmpt</deployConfigTemplate>
    <pingTestTarget>zstack.org</pingTestTarget>
</testConfig>
