<testConfig>
    <deployConfig>deploy-fusionstor-flat.xml</deployConfig>
    <deployConfigTemplate>deploy-fusionstor-flat.tmpt</deployConfigTemplate>
    <pingTestTarget>zstack.org</pingTestTarget>
</testConfig>
