<testConfig>
    <deployConfig>deploy-local-smp.xml</deployConfig>
    <deployConfigTemplate>deploy-local-smp.tmpt</deployConfigTemplate>
    <pingTestTarget>zstack.org</pingTestTarget>
</testConfig>
