<testConfig>
    <deployConfig>deploy-vyos-flat-dhcp-2local-ps.xml</deployConfig>
    <deployConfigTemplate>deploy-vyos-flat-dhcp-2local-ps.tmpt</deployConfigTemplate>
    <pingTestTarget>zstack.org</pingTestTarget>
</testConfig>
