<testConfig>
    <deployConfig>deploy-vyos-flat-noDHCP-nfs.xml</deployConfig>
    <deployConfigTemplate>deploy.tmpt</deployConfigTemplate>
    <pingTestTarget>zstack.org</pingTestTarget>
</testConfig>
