<testConfig>
    <deployConfig>deploy-vyos-local-ps.xml</deployConfig>
    <deployConfigTemplate>deploy-local-ps.tmpt</deployConfigTemplate>
    <pingTestTarget>zstack.org</pingTestTarget>
</testConfig>
