<testConfig>
    <deployConfig>deploy-vyos-flat-dhcp-local-nfs.xml</deployConfig>
    <deployConfigTemplate>deploy-local-nfs.tmpt</deployConfigTemplate>
    <pingTestTarget>zstack.org</pingTestTarget>
</testConfig>
