<testConfig>
    <deployConfig>deploy-vyos-nfs.xml</deployConfig>
    <deployConfigTemplate>deploy-vyos-vxlan.tmpt</deployConfigTemplate>
    <!-- suite special test variables -->
    <pingTestTarget>zstack.yyk.net</pingTestTarget>
</testConfig>
