<testConfig>
    <deployConfig>deploy-2sftp-nfs-vyos-4host.xml</deployConfig>
    <deployConfigTemplate>deploy-2sftp-nfs-vyos-4host.tmpt</deployConfigTemplate>
    <pingTestTarget>zstack.yyk.net</pingTestTarget>
</testConfig>
