<testConfig>
    <deployConfig>deploy-vyos-flat-vr-pub-manage-sep.xml</deployConfig>
    <deployConfigTemplate>deploy-vyos-flat-vr-pub-manage-sep.tmpt</deployConfigTemplate>
    <pingTestTarget>zstack.yyk.net</pingTestTarget>
</testConfig>
