<!--test local storage as primary storage -->
<testConfig>
    <deployConfig>deploy-vyos-2public-network.xml</deployConfig>
    <deployConfigTemplate>../deploy.tmpt</deployConfigTemplate>
    <pingTestTarget>zstack.org</pingTestTarget>
</testConfig>
