<testConfig>
    <deployConfig>deploy-2ceph-ps.xml</deployConfig>
    <deployConfigTemplate>deploy-2ceph-ps.tmpt</deployConfigTemplate>
    <pingTestTarget>zstack.org</pingTestTarget>
</testConfig>
