<testConfig>
    <deployConfig>deploy-vxlan-nfs-flat.xml</deployConfig>
    <deployConfigTemplate>deploy-vxlan-nfs-flat.tmpt</deployConfigTemplate>
    <pingTestTarget>zstack.org</pingTestTarget>
</testConfig>
