<testConfig>
    <deployConfig>deploy-vyos-ceph-3-nets-sep.xml</deployConfig>
    <deployConfigTemplate>deploy-ceph-ps.tmpt</deployConfigTemplate>
    <pingTestTarget>zstack.org</pingTestTarget>
</testConfig>
