<testConfig>
    <deployConfig>deploy-vyos-data-protect.xml</deployConfig>
    <deployConfigTemplate>deploy-vyos-data-protect.tmpt</deployConfigTemplate>
    <pingTestTarget>zstack.org</pingTestTarget>
</testConfig>
